<?xml version="1.0" encoding="UTF-8"?>
<!-- Generated by org.testng.reporters.JUnitReportReporter -->
<testsuite hostname="DESKTOP-JSLH211" failures="0" tests="22" name="runner.Dietrun" time="1.095" errors="0" timestamp="2022-06-20T22:30:57 CDT" skipped="0">
  <testcase classname="runner.Dietrun" name="runScenario" time="0.035"/>
  <system-out/>
  <testcase classname="runner.Dietrun" name="runScenario" time="0.039"/>
  <system-out/>
  <testcase classname="runner.Dietrun" name="runScenario" time="0.027"/>
  <system-out/>
  <testcase classname="runner.Dietrun" name="runScenario" time="0.024"/>
  <system-out/>
  <testcase classname="runner.Dietrun" name="runScenario" time="0.026"/>
  <system-out/>
  <testcase classname="runner.Dietrun" name="runScenario" time="0.017"/>
  <system-out/>
  <testcase classname="runner.Dietrun" name="runScenario" time="0.038"/>
  <system-out/>
  <testcase classname="runner.Dietrun" name="runScenario" time="0.044"/>
  <system-out/>
  <testcase classname="runner.Dietrun" name="runScenario" time="0.030"/>
  <system-out/>
  <testcase classname="runner.Dietrun" name="runScenario" time="0.023"/>
  <system-out/>
  <testcase classname="runner.Dietrun" name="runScenario" time="0.029"/>
  <system-out/>
  <testcase classname="runner.Dietrun" name="runScenario" time="0.037"/>
  <system-out/>
  <testcase classname="runner.Dietrun" name="runScenario" time="0.030"/>
  <system-out/>
  <testcase classname="runner.Dietrun" name="runScenario" time="0.098"/>
  <system-out/>
  <testcase classname="runner.Dietrun" name="runScenario" time="0.370"/>
  <system-out/>
  <testcase classname="runner.Dietrun" name="runScenario" time="0.050"/>
  <system-out/>
  <testcase classname="runner.Dietrun" name="runScenario" time="0.029"/>
  <system-out/>
  <testcase classname="runner.Dietrun" name="runScenario" time="0.034"/>
  <system-out/>
  <testcase classname="runner.Dietrun" name="runScenario" time="0.045"/>
  <system-out/>
  <testcase classname="runner.Dietrun" name="runScenario" time="0.021"/>
  <system-out/>
  <testcase classname="runner.Dietrun" name="runScenario" time="0.020"/>
  <system-out/>
  <testcase classname="runner.Dietrun" name="runScenario" time="0.029"/>
  <system-out/>
</testsuite> <!-- runner.Dietrun -->
