<?xml version="1.0" encoding="UTF-8"?>
<!-- Generated by org.testng.reporters.JUnitReportReporter -->
<testsuite hostname="DESKTOP-JSLH211" failures="4" tests="47" name="runner.Allure" time="2.465" errors="0" timestamp="2022-06-20T08:15:21 CDT" skipped="0">
  <testcase classname="runner.Allure" name="runScenario" time="0.051"/>
  <system-out/>
  <testcase classname="runner.Allure" name="runScenario" time="0.041"/>
  <system-out/>
  <testcase classname="runner.Allure" name="runScenario" time="0.020"/>
  <system-out/>
  <testcase classname="runner.Allure" name="runScenario" time="0.080"/>
  <system-out/>
  <testcase classname="runner.Allure" name="runScenario" time="0.022"/>
  <system-out/>
  <testcase classname="runner.Allure" name="runScenario" time="0.028"/>
  <system-out/>
  <testcase classname="runner.Allure" name="runScenario" time="0.037"/>
  <system-out/>
  <testcase classname="runner.Allure" name="runScenario" time="0.027"/>
  <system-out/>
  <testcase classname="runner.Allure" name="runScenario" time="0.037">
    <failure message="expected [PDF files within the size limit of 2MB] but found [PDF files exceeding the size limit of 2MB]" type="java.lang.AssertionError">
      <![CDATA[java.lang.AssertionError: expected [PDF files within the size limit of 2MB] but found [PDF files exceeding the size limit of 2MB]
at org.testng.Assert.fail(Assert.java:110)
at org.testng.Assert.failNotEquals(Assert.java:1413)
at org.testng.Assert.assertEqualsImpl(Assert.java:149)
at org.testng.Assert.assertEquals(Assert.java:131)
at org.testng.Assert.assertEquals(Assert.java:655)
at org.testng.Assert.assertEquals(Assert.java:665)
at stepdefinition.Createdietplan.the_user_should_see_an_error_message(Createdietplan.java:93)
at ✽.The user should see an error message "PDF files exceeding the size limit of 2MB"(file:///C:/Users/amitf/eclipse-workspace/Dieticiansite/src/test/resources/feature/createdietplan.feature:63)
]]>
    </failure>
  </testcase> <!-- runScenario -->
  <system-out/>
  <testcase classname="runner.Allure" name="runScenario" time="0.075"/>
  <system-out/>
  <testcase classname="runner.Allure" name="runScenario" time="0.031"/>
  <system-out/>
  <testcase classname="runner.Allure" name="runScenario" time="0.018"/>
  <system-out/>
  <testcase classname="runner.Allure" name="runScenario" time="0.022"/>
  <system-out/>
  <testcase classname="runner.Allure" name="runScenario" time="0.031"/>
  <system-out/>
  <testcase classname="runner.Allure" name="runScenario" time="0.038"/>
  <system-out/>
  <testcase classname="runner.Allure" name="runScenario" time="0.028"/>
  <system-out/>
  <testcase classname="runner.Allure" name="runScenario" time="0.035"/>
  <system-out/>
  <testcase classname="runner.Allure" name="runScenario" time="0.043">
    <failure message="expected [PDF files within the size limit of 2MB] but found [Only files with extension .pdf are allowed]" type="java.lang.AssertionError">
      <![CDATA[java.lang.AssertionError: expected [PDF files within the size limit of 2MB] but found [Only files with extension .pdf are allowed]
at org.testng.Assert.fail(Assert.java:110)
at org.testng.Assert.failNotEquals(Assert.java:1413)
at org.testng.Assert.assertEqualsImpl(Assert.java:149)
at org.testng.Assert.assertEquals(Assert.java:131)
at org.testng.Assert.assertEquals(Assert.java:655)
at org.testng.Assert.assertEquals(Assert.java:665)
at stepdefinition.Createdietplan.the_user_should_see_an_error_message(Createdietplan.java:93)
at ✽.The user should see an error message "Only files with extension .pdf are allowed"(file:///C:/Users/amitf/eclipse-workspace/Dieticiansite/src/test/resources/feature/createdietplan.feature:56)
]]>
    </failure>
  </testcase> <!-- runScenario -->
  <system-out/>
  <testcase classname="runner.Allure" name="runScenario" time="0.034"/>
  <system-out/>
  <testcase classname="runner.Allure" name="runScenario" time="0.027"/>
  <system-out/>
  <testcase classname="runner.Allure" name="runScenario" time="0.030"/>
  <system-out/>
  <testcase classname="runner.Allure" name="runScenario" time="0.037"/>
  <system-out/>
  <testcase classname="runner.Allure" name="runScenario" time="0.026"/>
  <system-out/>
  <testcase classname="runner.Allure" name="runScenario" time="0.038">
    <failure message="expected [PDF files within the size limit of 2MB] but found [Only files with extension .pdf are allowed]" type="java.lang.AssertionError">
      <![CDATA[java.lang.AssertionError: expected [PDF files within the size limit of 2MB] but found [Only files with extension .pdf are allowed]
at org.testng.Assert.fail(Assert.java:110)
at org.testng.Assert.failNotEquals(Assert.java:1413)
at org.testng.Assert.assertEqualsImpl(Assert.java:149)
at org.testng.Assert.assertEquals(Assert.java:131)
at org.testng.Assert.assertEquals(Assert.java:655)
at org.testng.Assert.assertEquals(Assert.java:665)
at stepdefinition.Createdietplan.the_user_should_see_an_error_message(Createdietplan.java:93)
at ✽.The user should see an error message "Only files with extension .pdf are allowed"(file:///C:/Users/amitf/eclipse-workspace/Dieticiansite/src/test/resources/feature/createdietplan.feature:70)
]]>
    </failure>
  </testcase> <!-- runScenario -->
  <system-out/>
  <testcase classname="runner.Allure" name="runScenario" time="0.041"/>
  <system-out/>
  <testcase classname="runner.Allure" name="runScenario" time="0.025"/>
  <system-out/>
  <testcase classname="runner.Allure" name="runScenario" time="0.031"/>
  <system-out/>
  <testcase classname="runner.Allure" name="runScenario" time="0.066"/>
  <system-out/>
  <testcase classname="runner.Allure" name="runScenario" time="0.029"/>
  <system-out/>
  <testcase classname="runner.Allure" name="runScenario" time="0.038"/>
  <system-out/>
  <testcase classname="runner.Allure" name="runScenario" time="0.034"/>
  <system-out/>
  <testcase classname="runner.Allure" name="runScenario" time="0.032"/>
  <system-out/>
  <testcase classname="runner.Allure" name="runScenario" time="0.033"/>
  <system-out/>
  <testcase classname="runner.Allure" name="runScenario" time="0.036"/>
  <system-out/>
  <testcase classname="runner.Allure" name="runScenario" time="0.057"/>
  <system-out/>
  <testcase classname="runner.Allure" name="runScenario" time="0.689"/>
  <system-out/>
  <testcase classname="runner.Allure" name="runScenario" time="0.024"/>
  <system-out/>
  <testcase classname="runner.Allure" name="runScenario" time="0.027"/>
  <system-out/>
  <testcase classname="runner.Allure" name="runScenario" time="0.037"/>
  <system-out/>
  <testcase classname="runner.Allure" name="runScenario" time="0.038"/>
  <system-out/>
  <testcase classname="runner.Allure" name="runScenario" time="0.097"/>
  <system-out/>
  <testcase classname="runner.Allure" name="runScenario" time="0.027"/>
  <system-out/>
  <testcase classname="runner.Allure" name="runScenario" time="0.065">
    <failure message="expected [File uplaoded successfully] but found [File uploaded successfully]" type="java.lang.AssertionError">
      <![CDATA[java.lang.AssertionError: expected [File uplaoded successfully] but found [File uploaded successfully]
at org.testng.Assert.fail(Assert.java:110)
at org.testng.Assert.failNotEquals(Assert.java:1413)
at org.testng.Assert.assertEqualsImpl(Assert.java:149)
at org.testng.Assert.assertEquals(Assert.java:131)
at org.testng.Assert.assertEquals(Assert.java:655)
at org.testng.Assert.assertEquals(Assert.java:665)
at stepdefinition.Createdietplan.the_user_should_see_a_message(Createdietplan.java:80)
at ✽.The user should see a message "File uploaded successfully"(file:///C:/Users/amitf/eclipse-workspace/Dieticiansite/src/test/resources/feature/createdietplan.feature:49)
]]>
    </failure>
  </testcase> <!-- runScenario -->
  <system-out/>
  <testcase classname="runner.Allure" name="runScenario" time="0.035"/>
  <system-out/>
  <testcase classname="runner.Allure" name="runScenario" time="0.080"/>
  <system-out/>
  <testcase classname="runner.Allure" name="runScenario" time="0.048"/>
  <system-out/>
  <testcase classname="runner.Allure" name="runScenario" time="0.020"/>
  <system-out/>
</testsuite> <!-- runner.Allure -->
