<?xml version="1.0" encoding="UTF-8"?>
<!-- Generated by org.testng.reporters.JUnitReportReporter -->
<testsuite hostname="DESKTOP-JSLH211" failures="4" tests="47" name="runner.Dietrun" time="77.435" errors="0" timestamp="2022-06-20T08:07:39 CDT" skipped="0">
  <testcase classname="runner.Dietrun" name="runScenario" time="1.301"/>
  <system-out/>
  <testcase classname="runner.Dietrun" name="runScenario" time="1.454"/>
  <system-out/>
  <testcase classname="runner.Dietrun" name="runScenario" time="1.480"/>
  <system-out/>
  <testcase classname="runner.Dietrun" name="runScenario" time="1.405"/>
  <system-out/>
  <testcase classname="runner.Dietrun" name="runScenario" time="1.470"/>
  <system-out/>
  <testcase classname="runner.Dietrun" name="runScenario" time="1.546">
    <failure message="expected [PDF files within the size limit of 2MB] but found [Only files with extension .pdf are allowed]" type="java.lang.AssertionError">
      <![CDATA[java.lang.AssertionError: expected [PDF files within the size limit of 2MB] but found [Only files with extension .pdf are allowed]
at org.testng.Assert.fail(Assert.java:110)
at org.testng.Assert.failNotEquals(Assert.java:1413)
at org.testng.Assert.assertEqualsImpl(Assert.java:149)
at org.testng.Assert.assertEquals(Assert.java:131)
at org.testng.Assert.assertEquals(Assert.java:655)
at org.testng.Assert.assertEquals(Assert.java:665)
at stepdefinition.Createdietplan.the_user_should_see_an_error_message(Createdietplan.java:93)
at ✽.The user should see an error message "Only files with extension .pdf are allowed"(file:///C:/Users/amitf/eclipse-workspace/Dieticiansite/src/test/resources/feature/createdietplan.feature:56)
]]>
    </failure>
  </testcase> <!-- runScenario -->
  <system-out/>
  <testcase classname="runner.Dietrun" name="runScenario" time="1.350"/>
  <system-out/>
  <testcase classname="runner.Dietrun" name="runScenario" time="1.334"/>
  <system-out/>
  <testcase classname="runner.Dietrun" name="runScenario" time="1.422"/>
  <system-out/>
  <testcase classname="runner.Dietrun" name="runScenario" time="1.507"/>
  <system-out/>
  <testcase classname="runner.Dietrun" name="runScenario" time="1.496"/>
  <system-out/>
  <testcase classname="runner.Dietrun" name="runScenario" time="1.332"/>
  <system-out/>
  <testcase classname="runner.Dietrun" name="runScenario" time="1.366"/>
  <system-out/>
  <testcase classname="runner.Dietrun" name="runScenario" time="1.373"/>
  <system-out/>
  <testcase classname="runner.Dietrun" name="runScenario" time="1.289"/>
  <system-out/>
  <testcase classname="runner.Dietrun" name="runScenario" time="1.417"/>
  <system-out/>
  <testcase classname="runner.Dietrun" name="runScenario" time="1.406"/>
  <system-out/>
  <testcase classname="runner.Dietrun" name="runScenario" time="1.331"/>
  <system-out/>
  <testcase classname="runner.Dietrun" name="runScenario" time="1.344"/>
  <system-out/>
  <testcase classname="runner.Dietrun" name="runScenario" time="1.359"/>
  <system-out/>
  <testcase classname="runner.Dietrun" name="runScenario" time="1.419"/>
  <system-out/>
  <testcase classname="runner.Dietrun" name="runScenario" time="1.385"/>
  <system-out/>
  <testcase classname="runner.Dietrun" name="runScenario" time="8.312"/>
  <system-out/>
  <testcase classname="runner.Dietrun" name="runScenario" time="1.368"/>
  <system-out/>
  <testcase classname="runner.Dietrun" name="runScenario" time="1.324"/>
  <system-out/>
  <testcase classname="runner.Dietrun" name="runScenario" time="1.344"/>
  <system-out/>
  <testcase classname="runner.Dietrun" name="runScenario" time="1.325"/>
  <system-out/>
  <testcase classname="runner.Dietrun" name="runScenario" time="1.348"/>
  <system-out/>
  <testcase classname="runner.Dietrun" name="runScenario" time="1.546"/>
  <system-out/>
  <testcase classname="runner.Dietrun" name="runScenario" time="1.367">
    <failure message="expected [PDF files within the size limit of 2MB] but found [PDF files exceeding the size limit of 2MB]" type="java.lang.AssertionError">
      <![CDATA[java.lang.AssertionError: expected [PDF files within the size limit of 2MB] but found [PDF files exceeding the size limit of 2MB]
at org.testng.Assert.fail(Assert.java:110)
at org.testng.Assert.failNotEquals(Assert.java:1413)
at org.testng.Assert.assertEqualsImpl(Assert.java:149)
at org.testng.Assert.assertEquals(Assert.java:131)
at org.testng.Assert.assertEquals(Assert.java:655)
at org.testng.Assert.assertEquals(Assert.java:665)
at stepdefinition.Createdietplan.the_user_should_see_an_error_message(Createdietplan.java:93)
at ✽.The user should see an error message "PDF files exceeding the size limit of 2MB"(file:///C:/Users/amitf/eclipse-workspace/Dieticiansite/src/test/resources/feature/createdietplan.feature:63)
]]>
    </failure>
  </testcase> <!-- runScenario -->
  <system-out/>
  <testcase classname="runner.Dietrun" name="runScenario" time="1.332"/>
  <system-out/>
  <testcase classname="runner.Dietrun" name="runScenario" time="5.511"/>
  <system-out/>
  <testcase classname="runner.Dietrun" name="runScenario" time="1.667"/>
  <system-out/>
  <testcase classname="runner.Dietrun" name="runScenario" time="1.365"/>
  <system-out/>
  <testcase classname="runner.Dietrun" name="runScenario" time="1.479"/>
  <system-out/>
  <testcase classname="runner.Dietrun" name="runScenario" time="1.434"/>
  <system-out/>
  <testcase classname="runner.Dietrun" name="runScenario" time="1.548"/>
  <system-out/>
  <testcase classname="runner.Dietrun" name="runScenario" time="1.373"/>
  <system-out/>
  <testcase classname="runner.Dietrun" name="runScenario" time="1.356"/>
  <system-out/>
  <testcase classname="runner.Dietrun" name="runScenario" time="1.395"/>
  <system-out/>
  <testcase classname="runner.Dietrun" name="runScenario" time="1.411">
    <failure message="expected [File uplaoded successfully] but found [File uploaded successfully]" type="java.lang.AssertionError">
      <![CDATA[java.lang.AssertionError: expected [File uplaoded successfully] but found [File uploaded successfully]
at org.testng.Assert.fail(Assert.java:110)
at org.testng.Assert.failNotEquals(Assert.java:1413)
at org.testng.Assert.assertEqualsImpl(Assert.java:149)
at org.testng.Assert.assertEquals(Assert.java:131)
at org.testng.Assert.assertEquals(Assert.java:655)
at org.testng.Assert.assertEquals(Assert.java:665)
at stepdefinition.Createdietplan.the_user_should_see_a_message(Createdietplan.java:80)
at ✽.The user should see a message "File uploaded successfully"(file:///C:/Users/amitf/eclipse-workspace/Dieticiansite/src/test/resources/feature/createdietplan.feature:49)
]]>
    </failure>
  </testcase> <!-- runScenario -->
  <system-out/>
  <testcase classname="runner.Dietrun" name="runScenario" time="1.437"/>
  <system-out/>
  <testcase classname="runner.Dietrun" name="runScenario" time="1.481"/>
  <system-out/>
  <testcase classname="runner.Dietrun" name="runScenario" time="1.447"/>
  <system-out/>
  <testcase classname="runner.Dietrun" name="runScenario" time="1.599"/>
  <system-out/>
  <testcase classname="runner.Dietrun" name="runScenario" time="1.270"/>
  <system-out/>
  <testcase classname="runner.Dietrun" name="runScenario" time="1.610">
    <failure message="expected [PDF files within the size limit of 2MB] but found [Only files with extension .pdf are allowed]" type="java.lang.AssertionError">
      <![CDATA[java.lang.AssertionError: expected [PDF files within the size limit of 2MB] but found [Only files with extension .pdf are allowed]
at org.testng.Assert.fail(Assert.java:110)
at org.testng.Assert.failNotEquals(Assert.java:1413)
at org.testng.Assert.assertEqualsImpl(Assert.java:149)
at org.testng.Assert.assertEquals(Assert.java:131)
at org.testng.Assert.assertEquals(Assert.java:655)
at org.testng.Assert.assertEquals(Assert.java:665)
at stepdefinition.Createdietplan.the_user_should_see_an_error_message(Createdietplan.java:93)
at ✽.The user should see an error message "Only files with extension .pdf are allowed"(file:///C:/Users/amitf/eclipse-workspace/Dieticiansite/src/test/resources/feature/createdietplan.feature:70)
]]>
    </failure>
  </testcase> <!-- runScenario -->
  <system-out/>
</testsuite> <!-- runner.Dietrun -->
